[2024-04-30T10:47:52.491+0000] {local_task_job_runner.py:120} INFO - ::group::Pre task execution logs
[2024-04-30T10:47:52.646+0000] {taskinstance.py:2073} INFO - Dependencies all met for dep_context=non-requeueable deps ti=<TaskInstance: dog.get_dog_api scheduled__2024-04-30T04:56:00+00:00 [queued]>
[2024-04-30T10:47:52.669+0000] {taskinstance.py:2073} INFO - Dependencies all met for dep_context=requeueable deps ti=<TaskInstance: dog.get_dog_api scheduled__2024-04-30T04:56:00+00:00 [queued]>
[2024-04-30T10:47:52.672+0000] {taskinstance.py:2303} INFO - Starting attempt 1 of 1
[2024-04-30T10:47:52.768+0000] {taskinstance.py:2327} INFO - Executing <Task(PythonOperator): get_dog_api> on 2024-04-30 04:56:00+00:00
[2024-04-30T10:47:52.849+0000] {logging_mixin.py:188} WARNING - /home/***/.local/lib/python3.12/site-packages/***/task/task_runner/standard_task_runner.py:61 DeprecationWarning: This process (pid=36452) is multi-threaded, use of fork() may lead to deadlocks in the child.
[2024-04-30T10:47:52.860+0000] {standard_task_runner.py:90} INFO - Running: ['***', 'tasks', 'run', 'dog', 'get_dog_api', 'scheduled__2024-04-30T04:56:00+00:00', '--job-id', '382', '--raw', '--subdir', 'DAGS_FOLDER/dog.py', '--cfg-path', '/tmp/tmplg9zc0f_']
[2024-04-30T10:47:52.870+0000] {standard_task_runner.py:91} INFO - Job 382: Subtask get_dog_api
[2024-04-30T10:47:52.877+0000] {standard_task_runner.py:63} INFO - Started process 36593 to run task
[2024-04-30T10:47:52.997+0000] {task_command.py:426} INFO - Running <TaskInstance: dog.get_dog_api scheduled__2024-04-30T04:56:00+00:00 [running]> on host 9822fb6f757c
[2024-04-30T10:47:53.405+0000] {taskinstance.py:2644} INFO - Exporting env vars: AIRFLOW_CTX_DAG_OWNER='***' AIRFLOW_CTX_DAG_ID='dog' AIRFLOW_CTX_TASK_ID='get_dog_api' AIRFLOW_CTX_EXECUTION_DATE='2024-04-30T04:56:00+00:00' AIRFLOW_CTX_TRY_NUMBER='1' AIRFLOW_CTX_DAG_RUN_ID='scheduled__2024-04-30T04:56:00+00:00'
[2024-04-30T10:47:53.407+0000] {taskinstance.py:430} INFO - ::endgroup::
[2024-04-30T10:47:53.940+0000] {dog.py:15} INFO - {'message': 'https://images.dog.ceo/breeds/poodle-toy/n02113624_2427.jpg', 'status': 'success'}
[2024-04-30T10:47:53.940+0000] {taskinstance.py:441} INFO - ::group::Post task execution logs
[2024-04-30T10:47:53.941+0000] {taskinstance.py:2890} ERROR - Task failed with exception
Traceback (most recent call last):
  File "/home/airflow/.local/lib/python3.12/site-packages/airflow/models/taskinstance.py", line 465, in _execute_task
    result = _execute_callable(context=context, **execute_callable_kwargs)
             ^^^^^^^^^^^^^^^^^^^^^^^^^^^^^^^^^^^^^^^^^^^^^^^^^^^^^^^^^^^^^
  File "/home/airflow/.local/lib/python3.12/site-packages/airflow/models/taskinstance.py", line 432, in _execute_callable
    return execute_callable(context=context, **execute_callable_kwargs)
           ^^^^^^^^^^^^^^^^^^^^^^^^^^^^^^^^^^^^^^^^^^^^^^^^^^^^^^^^^^^^
  File "/home/airflow/.local/lib/python3.12/site-packages/airflow/models/baseoperator.py", line 400, in wrapper
    return func(self, *args, **kwargs)
           ^^^^^^^^^^^^^^^^^^^^^^^^^^^
  File "/home/airflow/.local/lib/python3.12/site-packages/airflow/operators/python.py", line 235, in execute
    return_value = self.execute_callable()
                   ^^^^^^^^^^^^^^^^^^^^^^^
  File "/home/airflow/.local/lib/python3.12/site-packages/airflow/operators/python.py", line 252, in execute_callable
    return self.python_callable(*self.op_args, **self.op_kwargs)
           ^^^^^^^^^^^^^^^^^^^^^^^^^^^^^^^^^^^^^^^^^^^^^^^^^^^^^
  File "/opt/airflow/dags/dog.py", line 17, in _get_dog_api
    data = json.load(f)
           ^^^^^^^^^^^^
  File "/usr/local/lib/python3.12/json/__init__.py", line 293, in load
    return loads(fp.read(),
           ^^^^^^^^^^^^^^^^
  File "/usr/local/lib/python3.12/json/__init__.py", line 346, in loads
    return _default_decoder.decode(s)
           ^^^^^^^^^^^^^^^^^^^^^^^^^^
  File "/usr/local/lib/python3.12/json/decoder.py", line 340, in decode
    raise JSONDecodeError("Extra data", s, end)
json.decoder.JSONDecodeError: Extra data: line 1 column 98 (char 97)
[2024-04-30T10:47:53.957+0000] {taskinstance.py:1205} INFO - Marking task as FAILED. dag_id=dog, task_id=get_dog_api, execution_date=20240430T045600, start_date=20240430T104752, end_date=20240430T104753
[2024-04-30T10:47:54.029+0000] {standard_task_runner.py:110} ERROR - Failed to execute job 382 for task get_dog_api (Extra data: line 1 column 98 (char 97); 36593)
[2024-04-30T10:47:54.294+0000] {local_task_job_runner.py:240} INFO - Task exited with return code 1
[2024-04-30T10:47:54.382+0000] {taskinstance.py:3482} INFO - 0 downstream tasks scheduled from follow-on schedule check
[2024-04-30T10:47:54.397+0000] {local_task_job_runner.py:222} INFO - ::endgroup::
